"../../../Engine/Content/Functions/Engine_MaterialFunctions01/Shading/PowerToRoughness.uasset" 0
"../../../Engine/Content/Functions/Engine_MaterialFunctions01/Shading/ConvertFromDiffSpec.uasset" 1
"../../../Engine/Content/EngineMaterials/DefaultDiffuse.uasset" 2
"../../../Engine/Content/EngineMaterials/DefaultDeferredDecalMaterial.uasset" 3
"../../../Engine/Content/EngineMaterials/DefaultLightFunctionMaterial.uasset" 4
"../../../Engine/Content/Functions/Engine_MaterialFunctions02/Utility/BreakOutFloat2Components.uasset" 5
"../../../Engine/Content/EngineMaterials/DefaultPostProcessMaterial.uasset" 6
"../../../Engine/Content/EditorMaterials/Camera/CineMat.uasset" 7
"../../../Engine/Content/EditorMaterials/Camera/MI_CineMat_Rig.uasset" 8
"../../../Engine/Content/EditorMeshes/Camera/SM_CraneRig_Base.uasset" 9
"../../../Engine/Content/EditorMeshes/Camera/SM_CraneRig_Arm.uasset" 10
"../../../Engine/Content/EditorMeshes/Camera/SM_CraneRig_Mount.uasset" 11
"../../../Engine/Content/EditorMeshes/Camera/SM_CraneRig_Body.uasset" 12
"../../../Engine/Content/EditorMeshes/Camera/SM_RailRig_Track.uasset" 13
"../../../Engine/Content/EditorMeshes/Camera/SM_RailRig_Mount.uasset" 14
"../../../Engine/Content/EngineResources/AICON-Red.uasset" 15
"../../../Engine/Content/EngineResources/AICON-Green.uasset" 16
"../../../Engine/Content/EngineFonts/Roboto.uasset" 17
"../../../Engine/Content/EngineResources/DefaultTexture.uasset" 18
"../../../Engine/Content/Functions/Engine_MaterialFunctions01/Texturing/ScaleUVsByCenter.uasset" 19
"../../../Engine/Content/Functions/Engine_MaterialFunctions02/ScreenResolution.uasset" 20
"../../../Engine/Content/Functions/Engine_MaterialFunctions02/Texturing/ScreenAlignedUVs.uasset" 21
"../../../Engine/Content/EngineResources/WhiteSquareTexture.uasset" 22
"../../../Engine/Content/EngineMaterials/Widget3DPassThrough.uasset" 23
"../../../Engine/Content/EngineMaterials/Widget3DPassThrough_Translucent.uasset" 24
"../../../Engine/Content/EngineMaterials/Widget3DPassThrough_Translucent_OneSided.uasset" 25
"../../../Engine/Content/EngineMaterials/Widget3DPassThrough_Opaque.uasset" 26
"../../../Engine/Content/EngineMaterials/Widget3DPassThrough_Opaque_OneSided.uasset" 27
"../../../Engine/Content/EngineMaterials/Widget3DPassThrough_Masked.uasset" 28
"../../../Engine/Content/EngineMaterials/Widget3DPassThrough_Masked_OneSided.uasset" 29
"../../../Engine/Content/EditorResources/S_Actor.uasset" 30
"../../../Engine/Content/EngineSky/EpicQuadPanorama_CC+EV1.uasset" 31
"../../../Engine/Content/Maps/Templates/Thumbnails/Default.uasset" 32
"../../../Engine/Content/Maps/Templates/Thumbnails/VR-Basic.uasset" 33
"../../../Engine/Content/EditorMaterials/ParticleSystems/PSysThumbnail_NoImage.uasset" 34
"../../../Engine/Content/EditorMaterials/ParticleSystems/PSysThumbnail_OOD.uasset" 35
"../../../Engine/Content/EditorLandscapeResources/DataLayer.uasset" 36
"../../../Engine/Content/EngineDamageTypes/DmgTypeBP_Environmental.uasset" 37
"../../../Engine/Content/EngineMeshes/Sphere.uasset" 38
"../../../Engine/Content/EngineFonts/RobotoDistanceField.uasset" 39
"../../../Engine/Content/EngineMaterials/DefaultTextMaterialOpaque.uasset" 40
"../../../Engine/Content/EditorResources/S_Trigger.uasset" 41
"../../../Engine/Content/EngineResources/GradientTexture0.uasset" 42
"../../../Engine/Content/EngineResources/Black.uasset" 43
"../../../Engine/Content/EditorMaterials/MatineeGroups/MAT_Groups_Float.uasset" 44
"../../../Engine/Content/EditorMaterials/MatineeGroups/MAT_Groups_Director.uasset" 45
"../../../Engine/Content/EditorMaterials/MatineeGroups/MAT_Groups_Event.uasset" 46
"../../../Engine/Content/EditorMaterials/MatineeGroups/MAT_Groups_Anim.uasset" 47
"../../../Engine/Content/EditorMaterials/MatineeGroups/MAT_Groups_Fade.uasset" 48
"../../../Engine/Content/EditorMaterials/MatineeGroups/MAT_Groups_Move.uasset" 49
"../../../Engine/Content/EditorMaterials/MatineeGroups/MAT_Groups_Slomo.uasset" 50
"../../../Engine/Content/EditorMaterials/MatineeGroups/MAT_ColorTrack.uasset" 51
"../../../Engine/Content/EditorMaterials/MAT_Groups_Toggle.uasset" 52
"../../../Engine/Content/EditorMaterials/MatineeGroups/MAT_Groups_AudioMaster.uasset" 53
"../../../Engine/Content/EditorMaterials/MatineeGroups/MAT_Groups_Sound.uasset" 54
"../../../Engine/Content/EditorMaterials/MatineeGroups/MAT_Groups_Vector.uasset" 55
"../../../Engine/Content/EditorMaterials/MAT_Groups_Visibility.uasset" 56
"../../../Engine/Content/EngineResources/DefaultTextureCube.uasset" 57
"../../../Engine/Content/Functions/Engine_MaterialFunctions01/Opacity/CameraDepthFade.uasset" 58
"../../../Engine/Content/EngineMaterials/T_Default_Material_Grid_M.uasset" 59
"../../../Engine/Content/EngineMaterials/T_Default_Material_Grid_N.uasset" 60
"../../../Engine/Content/EngineMaterials/DefaultMaterial.uasset" 61
"../../../Engine/Content/EngineMeshes/Cylinder.uasset" 62
"../../../Engine/Content/EngineTireTypes/DefaultTireType.uasset" 63
"../../../Engine/Content/VREditor/LaserPointer/VR_LaserPower_01.uasset" 64
"../../../Engine/Content/VREditor/TransformGizmo/TransformGizmoMaterial.uasset" 65
"../../../Engine/Content/VREditor/TransformGizmo/TranslucentTransformGizmoMaterial.uasset" 66
"../../../Engine/Content/VREditor/TransformGizmo/UniformScaleHandle.uasset" 67
"../../../Engine/Content/VREditor/TransformGizmo/TranslateHandleLong.uasset" 68
"../../../Engine/Content/VREditor/TransformGizmo/PlaneTranslationHandle.uasset" 69
"../../../Engine/Content/VREditor/TransformGizmo/RotationHandleFull.uasset" 70
"../../../Engine/Content/VREditor/TransformGizmo/StretchingHandle.uasset" 71
"../../../Engine/Content/VREditor/TransformGizmo/BoundingBoxCorner.uasset" 72
"../../../Engine/Content/VREditor/TransformGizmo/BoundingBoxEdge.uasset" 73
"../../../Engine/Content/VREditor/UI/SelectionBarMesh.uasset" 74
"../../../Engine/Content/VREditor/UI/CloseButtonMesh.uasset" 75
"../../../Engine/Content/VREditor/FloatingText/LineMaterial.uasset" 76
"../../../Engine/Content/VREditor/FloatingText/LineSegmentCylinder.uasset" 77
"../../../Engine/Content/VREditor/FloatingText/JointSphere.uasset" 78
"../../../Engine/Content/VREditor/Fonts/VRText_RobotoLarge.uasset" 79
"../../../Engine/Content/VREditor/Fonts/VRTextMaterial.uasset" 80
"../../../Engine/Content/VREditor/Fonts/TranslucentVRTextMaterial.uasset" 81
"../../../Engine/Content/VREditor/TransformGizmo/TranslationHandle.uasset" 82
"../../../Engine/Content/VREditor/TransformGizmo/RotationHandle.uasset" 83
"../../../Engine/Content/VREditor/Devices/Generic/GenericHMDMaterial.uasset" 84
"../../../Engine/Content/VREditor/Devices/Generic/GenericHMD.uasset" 85
"../../../Engine/Content/Functions/Engine_MaterialFunctions01/Gradient/RadialGradient.uasset" 86
"../../../Engine/Content/EditorLandscapeResources/FlattenHeightMat.uasset" 87
"../../../Engine/Content/VREditor/WorldMovementGrid/PlaneMesh.uasset" 88
"../../../Engine/Content/VREditor/WorldMovementGrid/SimpleGrid.uasset" 89
"../../../Engine/Content/VREditor/WorldMovementGrid/GridMaterial.uasset" 90
"../../../Engine/Content/VREditor/LaserPointer/LaserPointerMaterial.uasset" 91
"../../../Engine/Content/VREditor/LaserPointer/LaserPointerMaterialInst.uasset" 92
"../../../Engine/Content/VREditor/LaserPointer/TranslucentLaserPointerMaterialInst.uasset" 93
"../../../Engine/Content/VREditor/LaserPointer/LaserPointerMesh.uasset" 94
"../../../Engine/Content/Functions/Engine_MaterialFunctions01/Density/ExponentialDensity.uasset" 95
"../../../Engine/Content/VREditor/WorldMovementGrid/GridPostProcess.uasset" 96
"../../../Engine/Content/VREditor/Sounds/VR_teleport_Cue.uasset" 97
"../../../Engine/Content/VREditor/Sounds/VR_grab_Cue.uasset" 98
"../../../Engine/Content/Tutorial/Basics/TutorialAssets/icon_tab_Levels_40x.uasset" 99
"../../../Engine/Content/Tutorial/ContentIntroCurve.uasset" 100
"../../../Engine/Plugins/2D/Paper2D/Content/PlaceholderTextures/DummySpriteTexture.uasset" 101
"../../../Engine/Plugins/2D/Paper2D/Content/DefaultSpriteMaterial.uasset" 102
"../../../Engine/Plugins/2D/Paper2D/Content/MaskedUnlitSpriteMaterial.uasset" 103
"../../../Engine/Plugins/2D/Paper2D/Content/OpaqueUnlitSpriteMaterial.uasset" 104
"../../../Engine/Plugins/2D/Paper2D/Content/DummySprite.uasset" 105
"../../../Engine/Plugins/2D/Paper2D/Content/DefaultPaperTerrainMaterial.uasset" 106
"../../../Engine/Content/EngineMaterials/RemoveSurfaceMaterial.uasset" 107
"../../../Engine/Content/EngineDebugMaterials/DebugMeshMaterial.uasset" 108
"../../../Engine/Content/EngineMaterials/InvalidLightmapSettings.uasset" 109
"../../../Engine/Content/EngineMaterials/M_InvalidLightmapSettings.uasset" 110
"../../../Engine/Content/EditorMaterials/GizmoMaterial.uasset" 111
"../../../Engine/Content/EngineMaterials/PhAT_JointLimitMaterial.uasset" 112
"../../../Engine/Content/EngineMaterials/Good64x64TilingNoiseHighFreq.uasset" 113
"../../../Engine/Content/EngineMaterials/DefaultBokeh.uasset" 114
"../../../Engine/Content/EngineMaterials/PreintegratedSkinBRDF.uasset" 115
"../../../Engine/Content/EngineMaterials/MiniFont.uasset" 116
"../../../Engine/Content/EngineMaterials/WeightMapPlaceholderTexture.uasset" 117
"../../../Engine/Content/EngineMaterials/DefaultWhiteGrid.uasset" 118
"../../../Engine/Content/EngineMaterials/DefaultPhysicalMaterial.uasset" 119
"../../../Engine/Content/EngineFonts/RobotoTiny.uasset" 120
"../../../Engine/Content/EditorSounds/Notifications/CompileSuccess.uasset" 121
"../../../Engine/Content/EditorSounds/Notifications/CompileStart_Cue.uasset" 122
"../../../Engine/Content/EditorSounds/Notifications/CompileSuccess_Cue.uasset" 123
"../../../Engine/Content/EditorSounds/Notifications/CompileFailed.uasset" 124
"../../../Engine/Content/EditorSounds/Notifications/CompileFailed_Cue.uasset" 125
"../../../Engine/Content/BasicShapes/Cylinder.uasset" 126
"../../../Engine/Content/BasicShapes/Cone.uasset" 127
"../../../Engine/Content/EditorResources/BSPVertex.uasset" 128
"../../../Engine/Content/EngineDebugMaterials/GeomMaterial.uasset" 129
"../../../Engine/Content/EngineDebugMaterials/HeatmapGradient.uasset" 130
"../../../Engine/Content/EngineDebugMaterials/BoneWeightMaterial.uasset" 131
"../../../Engine/Content/EditorMaterials/PreviewShadowIndicator.uasset" 132
"../../../Engine/Content/EditorMaterials/PreviewShadowIndicatorMaterial.uasset" 133
"../../../Engine/Content/EngineMaterials/EditorBrushMaterial.uasset" 134
"../../../Engine/Content/EditorMeshes/ColorCalibrator/M_ChromeBall.uasset" 135
"../../../Engine/Content/EditorMeshes/ColorCalibrator/M_ClearCoat.uasset" 136
"../../../Engine/Content/EditorMeshes/ColorCalibrator/M_ClearCoatBlack.uasset" 137
"../../../Engine/Content/EditorMeshes/ColorCalibrator/T_ColorGrid.uasset" 138
"../../../Engine/Content/EditorMeshes/ColorCalibrator/M_ColorGrid.uasset" 139
"../../../Engine/Content/EditorMeshes/ColorCalibrator/M_GreyBall.uasset" 140
"../../../Engine/Content/EditorMeshes/ColorCalibrator/SM_ColorCalibrator.uasset" 141
"../../../Engine/Content/Tutorial/BlueprintTutorials/TutorialAssets/Blueprint_64x.uasset" 142
"../../../Engine/Content/Tutorial/SubEditors/TutorialAssets/icon_Editor_Preferences_General_40x.uasset" 143
"../../../Engine/Content/Tutorial/Paper2D/TutorialAssets/Paper2DSprite_TutorialIcon.uasset" 144
"../../../Engine/Content/Tutorial/SubEditors/TutorialAssets/icon_ShowSkeletalMeshes_40x.uasset" 145
"../../../Engine/Content/Tutorial/Landscape/TutorialAssets/Landscape.uasset" 146
"../../../Engine/Content/Tutorial/Foliage/TutorialAssets/Foliage.uasset" 147
"../../../Engine/Content/Tutorial/BlueprintTutorials/TutorialAssets/BlueprintMacroLibrary_64x.uasset" 148
"../../../Engine/Content/Tutorial/BlueprintTutorials/TutorialAssets/BlueprintInterface_64x.uasset" 149
"../../../Engine/Content/Tutorial/Paper2D/TutorialAssets/Paper2DFlipbook_TutorialIcon.uasset" 150
"../../../Engine/Content/MobileResources/HUD/T_Castle_ThumbstickInner.uasset" 151
"../../../Engine/Content/MobileResources/HUD/MobileHUDDirectionPad3.uasset" 152
"../../../Engine/Content/EngineMeshes/Cube.uasset" 153
"../../../Engine/Content/Tutorial/BlueprintTutorials/TutorialAssets/Tutorial_BP_Interface.uasset" 154
"../../../Engine/Content/EngineMaterials/WorldGridMaterial.uasset" 155
"../../../Engine/Content/EditorMeshes/EditorCube.uasset" 156
"../../../Engine/Content/Tutorial/SubEditors/TutorialAssets/Tutorial_DM.uasset" 157
"../../../Engine/Content/Tutorial/SubEditors/TutorialAssets/TutorialMaterial.uasset" 158
"../../../Engine/Content/Tutorial/SubEditors/TutorialAssets/T_SmokeSubUV_8X8.uasset" 159
"../../../Engine/Content/Tutorial/SubEditors/TutorialAssets/T_soft_smoke.uasset" 160
"../../../Engine/Content/Tutorial/SubEditors/TutorialAssets/M_smoke_subUV_blackbody.uasset" 161
"../../../Engine/Content/Tutorial/SubEditors/TutorialAssets/TutorialParticleSystem.uasset" 162
"../../../Engine/Content/EditorResources/EmptyActor.uasset" 163
"../../../Engine/Content/MobileResources/HUD/MobileHUDButtonFire.uasset" 164
"../../../Engine/Content/MobileResources/HUD/MobileHUDButton3.uasset" 165
"../../../Engine/Content/MobileResources/HUD/MobileHUDButton2_on.uasset" 166
"../../../Engine/Content/MobileResources/HUD/MobileHUDButton2_off.uasset" 167
"../../../Engine/Content/MobileResources/HUD/MobileHUDButton1_on.uasset" 168
"../../../Engine/Content/MobileResources/HUD/MobileHUDButton1_off.uasset" 169
"../../../Engine/Content/MobileResources/HUD/VirtualJoystick_Background.uasset" 170
"../../../Engine/Content/MobileResources/HUD/VirtualJoystick_Thumb.uasset" 171
"../../../Engine/Content/MobileResources/HUD/LeftVirtualJoystickOnly.uasset" 172
"../../../Engine/Content/MobileResources/HUD/AnalogHat.uasset" 173
"../../../Engine/Content/MobileResources/T_MobileMenu2.uasset" 174
"../../../Engine/Content/MobileResources/T_MobileControls_texture.uasset" 175
"../../../VRSOCCER/Content/MobileStarterContent/Textures/T_TableRound_N.uasset" 176
"../../../VRSOCCER/Content/MobileStarterContent/Textures/T_TableRound_M.uasset" 177
"../../../VRSOCCER/Content/MobileStarterContent/Textures/T_Statue_N.uasset" 178
"../../../VRSOCCER/Content/MobileStarterContent/Textures/T_Statue_M.uasset" 179
"../../../VRSOCCER/Content/MobileStarterContent/Textures/T_Spark_Core.uasset" 180
"../../../VRSOCCER/Content/MobileStarterContent/Textures/T_Smoke_Tiled_D.uasset" 181
"../../../VRSOCCER/Content/MobileStarterContent/Textures/T_Smoke_SubUV.uasset" 182
"../../../VRSOCCER/Content/MobileStarterContent/Textures/T_Shelf_N.uasset" 183
"../../../VRSOCCER/Content/MobileStarterContent/Textures/T_Shelf_M.uasset" 184
"../../../VRSOCCER/Content/MobileStarterContent/Textures/T_Perlin_Noise_M.uasset" 185
"../../../VRSOCCER/Content/MobileStarterContent/Textures/T_Lamp_N.uasset" 186
"../../../VRSOCCER/Content/MobileStarterContent/Textures/T_Lamp_M.uasset" 187
"../../../VRSOCCER/Content/MobileStarterContent/Textures/T_Frame_N.uasset" 188
"../../../VRSOCCER/Content/MobileStarterContent/Textures/T_Frame_M.uasset" 189
"../../../VRSOCCER/Content/MobileStarterContent/Textures/T_Fire_Tiled_D.uasset" 190
"../../../VRSOCCER/Content/MobileStarterContent/Textures/T_Fire_SubUV.uasset" 191
"../../../VRSOCCER/Content/MobileStarterContent/Textures/T_Explosion_SubUV.uasset" 192
"../../../VRSOCCER/Content/MobileStarterContent/Textures/T_Dust_Particle_D.uasset" 193
"../../../VRSOCCER/Content/MobileStarterContent/Textures/T_Concrete_Tiles_Variation_M.uasset" 194
"../../../VRSOCCER/Content/MobileStarterContent/Textures/T_Chair_N.uasset" 195
"../../../VRSOCCER/Content/MobileStarterContent/Textures/T_Chair_M.uasset" 196
"../../../VRSOCCER/Content/MobileStarterContent/Textures/T_Bush_N.uasset" 197
"../../../VRSOCCER/Content/MobileStarterContent/Textures/T_Bush_D.uasset" 198
"../../../VRSOCCER/Content/MobileStarterContent/Textures/T_Burst_M.uasset" 199
"../../../VRSOCCER/Content/MobileStarterContent/Materials/M_Basic_Wall.uasset" 200
"../../../VRSOCCER/Content/MobileStarterContent/Shapes/Shape_Sphere.uasset" 201
"../../../VRSOCCER/Content/MobileStarterContent/Shapes/Shape_QuadPyramid.uasset" 202
"../../../VRSOCCER/Content/MobileStarterContent/Shapes/Shape_Cube.uasset" 203
"../../../VRSOCCER/Content/MobileStarterContent/Textures/T_Wood_Walnut_D.uasset" 204
"../../../VRSOCCER/Content/MobileStarterContent/Textures/T_Wood_Walnut_N.uasset" 205
"../../../VRSOCCER/Content/MobileStarterContent/Materials/M_Wood_Walnut.uasset" 206
"../../../VRSOCCER/Content/MobileStarterContent/Textures/T_Wood_Pine_D.uasset" 207
"../../../VRSOCCER/Content/MobileStarterContent/Textures/T_Wood_Pine_N.uasset" 208
"../../../VRSOCCER/Content/MobileStarterContent/Materials/M_Wood_Pine.uasset" 209
"../../../VRSOCCER/Content/MobileStarterContent/Textures/T_Wood_Floor_Walnut_D.uasset" 210
"../../../VRSOCCER/Content/MobileStarterContent/Textures/T_Wood_Floor_Walnut_M.uasset" 211
"../../../VRSOCCER/Content/MobileStarterContent/Textures/T_Wood_Floor_Walnut_N.uasset" 212
"../../../VRSOCCER/Content/MobileStarterContent/Materials/M_Wood_Floor_Walnut_Worn.uasset" 213
"../../../VRSOCCER/Content/MobileStarterContent/Materials/M_Wood_Floor_Walnut_Polished.uasset" 214
"../../../Engine/Content/Functions/Engine_MaterialFunctions02/Utility/BlendAngleCorrectedNormals.uasset" 215
"../../../VRSOCCER/Content/MobileStarterContent/Textures/T_Water_M.uasset" 216
"../../../VRSOCCER/Content/MobileStarterContent/Textures/T_Water_N.uasset" 217
"../../../VRSOCCER/Content/MobileStarterContent/Materials/M_Water_Ocean.uasset" 218
"../../../VRSOCCER/Content/MobileStarterContent/Materials/M_Water_Lake.uasset" 219
"../../../VRSOCCER/Content/MobileStarterContent/Textures/T_Tech_Panel_M.uasset" 220
"../../../VRSOCCER/Content/MobileStarterContent/Textures/T_Tech_Panel_N.uasset" 221
"../../../VRSOCCER/Content/MobileStarterContent/Materials/M_Tech_Panel.uasset" 222
"../../../VRSOCCER/Content/MobileStarterContent/Textures/T_MacroVariation.uasset" 223
"../../../VRSOCCER/Content/MobileStarterContent/Textures/T_Tech_Hex_Tile_M.uasset" 224
"../../../VRSOCCER/Content/MobileStarterContent/Textures/T_Tech_Hex_Tile_N.uasset" 225
"../../../VRSOCCER/Content/MobileStarterContent/Materials/M_Tech_Hex_Tile_Pulse.uasset" 226
"../../../VRSOCCER/Content/MobileStarterContent/Materials/M_Tech_Hex_Tile.uasset" 227
"../../../VRSOCCER/Content/MobileStarterContent/Textures/T_Checker_Noise_M.uasset" 228
"../../../VRSOCCER/Content/MobileStarterContent/Textures/T_Single_Tile_N.uasset" 229
"../../../VRSOCCER/Content/MobileStarterContent/Textures/T_Tech_Dot_M.uasset" 230
"../../../VRSOCCER/Content/MobileStarterContent/Textures/T_Tech_Dot_N.uasset" 231
"../../../VRSOCCER/Content/MobileStarterContent/Materials/M_Tech_Checker_Dot.uasset" 232
"../../../VRSOCCER/Content/MobileStarterContent/Textures/T_Rock_Slate_D.uasset" 233
"../../../VRSOCCER/Content/MobileStarterContent/Textures/T_Rock_Slate_N.uasset" 234
"../../../VRSOCCER/Content/MobileStarterContent/Materials/M_Rock_Slate.uasset" 235
"../../../VRSOCCER/Content/MobileStarterContent/Textures/T_Rock_Sandstone_D.uasset" 236
"../../../VRSOCCER/Content/MobileStarterContent/Textures/T_Rock_Sandstone_N.uasset" 237
"../../../VRSOCCER/Content/MobileStarterContent/Materials/M_Rock_Sandstone.uasset" 238
"../../../VRSOCCER/Content/MobileStarterContent/Textures/T_Rock_Basalt_D.uasset" 239
"../../../VRSOCCER/Content/MobileStarterContent/Textures/T_Rock_Basalt_N.uasset" 240
"../../../VRSOCCER/Content/MobileStarterContent/Materials/M_Rock_Basalt.uasset" 241
"../../../VRSOCCER/Content/MobileStarterContent/Textures/T_Metal_Steel_D.uasset" 242
"../../../VRSOCCER/Content/MobileStarterContent/Textures/T_Metal_Steel_N.uasset" 243
"../../../VRSOCCER/Content/MobileStarterContent/Materials/M_Metal_Steel.uasset" 244
"../../../VRSOCCER/Content/MobileStarterContent/Textures/T_Metal_Rust_D.uasset" 245
"../../../VRSOCCER/Content/MobileStarterContent/Textures/T_Metal_Rust_N.uasset" 246
"../../../VRSOCCER/Content/MobileStarterContent/Materials/M_Metal_Rust.uasset" 247
"../../../VRSOCCER/Content/MobileStarterContent/Textures/T_Metal_Copper_D.uasset" 248
"../../../VRSOCCER/Content/MobileStarterContent/Textures/T_Metal_Gold_N.uasset" 249
"../../../VRSOCCER/Content/MobileStarterContent/Materials/M_Metal_Copper.uasset" 250
"../../../VRSOCCER/Content/MobileStarterContent/Textures/T_Metal_Aluminum_D.uasset" 251
"../../../VRSOCCER/Content/MobileStarterContent/Materials/M_Metal_Burnished_Steel.uasset" 252
"../../../VRSOCCER/Content/MobileStarterContent/Materials/M_Metal_Brushed_Nickel.uasset" 253
"../../../VRSOCCER/Content/MobileStarterContent/Textures/T_ground_Moss_D.uasset" 254
"../../../VRSOCCER/Content/MobileStarterContent/Textures/T_Ground_Moss_N.uasset" 255
"../../../VRSOCCER/Content/MobileStarterContent/Materials/M_Ground_Moss.uasset" 256
"../../../VRSOCCER/Content/MobileStarterContent/Textures/T_Ground_Gravel_D.uasset" 257
"../../../VRSOCCER/Content/MobileStarterContent/Textures/T_Ground_Gravel_N.uasset" 258
"../../../VRSOCCER/Content/MobileStarterContent/Materials/M_Ground_Gravel.uasset" 259
"../../../VRSOCCER/Content/MobileStarterContent/Textures/T_Ground_Grass_D.uasset" 260
"../../../VRSOCCER/Content/MobileStarterContent/Textures/T_Ground_Grass_N.uasset" 261
"../../../VRSOCCER/Content/MobileStarterContent/Materials/M_Ground_Grass.uasset" 262
"../../../VRSOCCER/Content/MobileStarterContent/Materials/M_Glass.uasset" 263
"../../../VRSOCCER/Content/MobileStarterContent/Textures/T_Concrete_Tiles_D.uasset" 264
"../../../VRSOCCER/Content/MobileStarterContent/Textures/T_Concrete_Tiles_M.uasset" 265
"../../../VRSOCCER/Content/MobileStarterContent/Textures/T_Concrete_Tiles_N.uasset" 266
"../../../VRSOCCER/Content/MobileStarterContent/Materials/M_Concrete_Tiles.uasset" 267
"../../../VRSOCCER/Content/MobileStarterContent/Textures/T_Concrete_Poured_D.uasset" 268
"../../../VRSOCCER/Content/MobileStarterContent/Textures/T_Concrete_Poured_N.uasset" 269
"../../../VRSOCCER/Content/MobileStarterContent/Materials/M_Concrete_Poured.uasset" 270
"../../../VRSOCCER/Content/MobileStarterContent/Textures/T_Concrete_Panels_D.uasset" 271
"../../../VRSOCCER/Content/MobileStarterContent/Textures/T_Concrete_Panels_N.uasset" 272
"../../../VRSOCCER/Content/MobileStarterContent/Materials/M_Concrete_Panels.uasset" 273
"../../../VRSOCCER/Content/MobileStarterContent/Textures/T_Concrete_Grime_D.uasset" 274
"../../../VRSOCCER/Content/MobileStarterContent/Materials/M_Concrete_Grime.uasset" 275
"../../../VRSOCCER/Content/MobileStarterContent/Textures/T_CobbleStone_Smooth_D.uasset" 276
"../../../VRSOCCER/Content/MobileStarterContent/Textures/T_CobbleStone_Smooth_M.uasset" 277
"../../../VRSOCCER/Content/MobileStarterContent/Textures/T_CobbleStone_Smooth_N.uasset" 278
"../../../VRSOCCER/Content/MobileStarterContent/Materials/M_CobbleStone_Smooth.uasset" 279
"../../../VRSOCCER/Content/MobileStarterContent/Textures/T_CobbleStone_Rough_D.uasset" 280
"../../../VRSOCCER/Content/MobileStarterContent/Textures/T_CobbleStone_Rough_N.uasset" 281
"../../../VRSOCCER/Content/MobileStarterContent/Materials/M_CobbleStone_Rough.uasset" 282
"../../../VRSOCCER/Content/MobileStarterContent/Textures/T_CobbleStone_Pebble_D.uasset" 283
"../../../VRSOCCER/Content/MobileStarterContent/Textures/T_CobbleStone_Pebble_N.uasset" 284
"../../../VRSOCCER/Content/MobileStarterContent/Materials/M_CobbleStone_Pebble.uasset" 285
"../../../VRSOCCER/Content/MobileStarterContent/Textures/T_Ceramic_Tile_M.uasset" 286
"../../../VRSOCCER/Content/MobileStarterContent/Textures/T_Ceramic_Tile_N.uasset" 287
"../../../VRSOCCER/Content/MobileStarterContent/Textures/T_Rock_Marble_Polished_D.uasset" 288
"../../../VRSOCCER/Content/MobileStarterContent/Materials/M_Ceramic_Tile_Checker.uasset" 289
"../../../VRSOCCER/Content/MobileStarterContent/Textures/T_Brick_Hewn_Stone_D.uasset" 290
"../../../VRSOCCER/Content/MobileStarterContent/Textures/T_Brick_Hewn_Stone_M.uasset" 291
"../../../VRSOCCER/Content/MobileStarterContent/Textures/T_Brick_Hewn_Stone_N.uasset" 292
"../../../VRSOCCER/Content/MobileStarterContent/Materials/M_Brick_Hewn_Stone.uasset" 293
"../../../VRSOCCER/Content/MobileStarterContent/Textures/T_Brick_Cut_Stone_D.uasset" 294
"../../../VRSOCCER/Content/MobileStarterContent/Textures/T_Brick_Cut_Stone_N.uasset" 295
"../../../VRSOCCER/Content/MobileStarterContent/Materials/M_Brick_Cut_Stone.uasset" 296
"../../../VRSOCCER/Content/MobileStarterContent/Textures/T_Brick_Clay_Old_D.uasset" 297
"../../../VRSOCCER/Content/MobileStarterContent/Textures/T_Brick_Clay_Old_N.uasset" 298
"../../../VRSOCCER/Content/MobileStarterContent/Materials/M_Brick_Clay_Old.uasset" 299
"../../../VRSOCCER/Content/MobileStarterContent/Textures/T_Brick_Clay_New_D.uasset" 300
"../../../VRSOCCER/Content/MobileStarterContent/Textures/T_Brick_Clay_New_M.uasset" 301
"../../../VRSOCCER/Content/MobileStarterContent/Textures/T_Brick_Clay_New_N.uasset" 302
"../../../VRSOCCER/Content/MobileStarterContent/Materials/M_Brick_Clay_New.uasset" 303
"../../../VRSOCCER/Content/MobileStarterContent/Textures/T_Brick_Clay_Beveled_D.uasset" 304
"../../../VRSOCCER/Content/MobileStarterContent/Textures/T_Brick_Clay_Beveled_M.uasset" 305
"../../../VRSOCCER/Content/MobileStarterContent/Textures/T_Brick_Clay_Beveled_N.uasset" 306
"../../../VRSOCCER/Content/MobileStarterContent/Materials/M_Brick_Clay_Beveled.uasset" 307
"../../../VRSOCCER/Content/MobileStarterContent/Materials/M_Basic_Floor.uasset" 308
"../../../VRSOCCER/Content/MobileStarterContent/Architecture/Floor_400x400.uasset" 309
"../../../VRSOCCER/Content/MobileStarterContent/Materials/M_Metal_Chrome.uasset" 310
"../../../VRSOCCER/Content/rod.uasset" 311
"../../../VRSOCCER/Content/Blueprints/rod.uasset" 312
"../../../VRSOCCER/Content/Blueprints/Material_001.uasset" 313
"../../../VRSOCCER/Content/Material_001.uasset" 314
"../../../VRSOCCER/Content/footbalfloor.uasset" 315
"../../../VRSOCCER/Content/defaultMat.uasset" 316
"../../../Engine/Content/MobileResources/HUD/MobileHUDDirectionStick.uasset" 317
"../../../Engine/Content/MobileResources/HUD/T_Castle_ThumbstickOutter.uasset" 318
"../../../Engine/Content/MobileResources/HUD/MobileHUDDirectionPad2.uasset" 319
"../../../Engine/Content/MobileResources/HUD/DefaultVirtualJoysticks.uasset" 320
"../../../Engine/Content/MobileResources/HUD/MobileHUDDirectionPad.uasset" 321
"../../../Engine/Content/EngineMaterials/DefaultNormal.uasset" 322
"../../../Engine/Content/Maps/Entry.umap" 323
"../../../Engine/Content/EditorBlueprintResources/ActorMacros.uasset" 324
"../../../Engine/Content/EditorBlueprintResources/StandardMacros.uasset" 325
"../../../VRSOCCER/Content/MobileStarterContent/Materials/M_Rock_Marble_Polished.uasset" 326
"../../../Engine/Content/BasicShapes/Sphere.uasset" 327
"../../../VRSOCCER/Content/Blueprints/ball.uasset" 328
"../../../Engine/Content/BasicShapes/BasicShapeMaterial.uasset" 329
"../../../Engine/Content/MapTemplates/Materials/BasicAsset03.uasset" 330
"../../../VRSOCCER/Content/MobileStarterContent/Textures/T_Metal_Gold_D.uasset" 331
"../../../VRSOCCER/Content/MobileStarterContent/Materials/M_Metal_Gold.uasset" 332
"../../../VRSOCCER/Content/MobileStarterContent/Textures/T_Wood_Oak_D.uasset" 333
"../../../VRSOCCER/Content/MobileStarterContent/Textures/T_Wood_Oak_N.uasset" 334
"../../../VRSOCCER/Content/MobileStarterContent/Materials/M_Wood_Oak.uasset" 335
"../../../VRSOCCER/Content/soccertable.uasset" 336
"../../../VRSOCCER/Content/soccertable_Mat.uasset" 337
"../../../Engine/Content/BasicShapes/Cube.uasset" 338
"../../../VRSOCCER/Content/Blueprints/Material_002.uasset" 339
"../../../VRSOCCER/Content/soc.uasset" 340
"../../../VRSOCCER/Content/MobileStarterContent/Maps/Minimal_Default.umap" 341
